2024-12-15 18:13:35,592 - INFO [main] Starting js_analyser.py
2024-12-15 18:13:35,592 - INFO [main] Detected Vulnerabilities:
2024-12-15 18:13:35,592 - INFO [main] Saving results to: ./output/1a-basic-flow.output.json
2024-12-15 18:13:36,104 - INFO [main] Starting js_analyser.py
2024-12-15 18:13:36,109 - INFO [main] Detected Vulnerabilities:
2024-12-15 18:13:36,109 - INFO [main] Saving results to: ./output/1b-basic-flow.output.json
2024-12-15 18:13:36,569 - INFO [main] Starting js_analyser.py
2024-12-15 18:13:36,569 - INFO [main] Detected Vulnerabilities:
2024-12-15 18:13:36,569 - INFO [main] Saving results to: ./output/2-expr-binary-ops.output.json
2024-12-15 18:13:36,997 - INFO [main] Starting js_analyser.py
2024-12-15 18:13:36,997 - INFO [main] Detected Vulnerabilities:
2024-12-15 18:13:36,997 - INFO [main] Saving results to: ./output/3a-expr-func-calls.output.json
2024-12-15 18:13:37,446 - INFO [main] Starting js_analyser.py
2024-12-15 18:13:37,446 - INFO [main] Detected Vulnerabilities:
2024-12-15 18:13:37,446 - INFO [main] Saving results to: ./output/3b-expr-func-calls.output.json
2024-12-15 18:13:37,909 - INFO [main] Starting js_analyser.py
2024-12-15 18:13:37,909 - INFO [main] Detected Vulnerabilities:
2024-12-15 18:13:37,912 - INFO [main] Saving results to: ./output/3c-expr-attributes.output.json
2024-12-15 18:13:38,375 - INFO [main] Starting js_analyser.py
2024-12-15 18:13:38,375 - INFO [main] Detected Vulnerabilities:
2024-12-15 18:13:38,375 - INFO [main] Saving results to: ./output/4a-conds-branching.output.json
2024-12-15 18:13:38,833 - INFO [main] Starting js_analyser.py
2024-12-15 18:13:38,833 - INFO [main] Detected Vulnerabilities:
2024-12-15 18:13:38,833 - INFO [main] Saving results to: ./output/4b-conds-branching.output.json
2024-12-15 18:13:39,285 - INFO [main] Starting js_analyser.py
2024-12-15 18:13:39,285 - INFO [main] Detected Vulnerabilities:
2024-12-15 18:13:39,285 - INFO [main] Saving results to: ./output/5a-loops-unfolding.output.json
2024-12-15 18:13:39,730 - INFO [main] Starting js_analyser.py
2024-12-15 18:13:39,730 - INFO [main] Detected Vulnerabilities:
2024-12-15 18:13:39,730 - INFO [main] Saving results to: ./output/5b-loops-unfolding.output.json
2024-12-15 18:13:40,196 - INFO [main] Starting js_analyser.py
2024-12-15 18:13:40,198 - INFO [main] Detected Vulnerabilities:
2024-12-15 18:13:40,198 - INFO [main] Saving results to: ./output/5c-loops-unfolding.output.json
2024-12-15 18:13:40,651 - INFO [main] Starting js_analyser.py
2024-12-15 18:13:40,652 - INFO [main] Detected Vulnerabilities:
2024-12-15 18:13:40,652 - INFO [main] Saving results to: ./output/6a-sanitization.output.json
2024-12-15 18:13:41,125 - INFO [main] Starting js_analyser.py
2024-12-15 18:13:41,125 - INFO [main] Detected Vulnerabilities:
2024-12-15 18:13:41,127 - INFO [main] Saving results to: ./output/6b-sanitization.output.json
2024-12-15 18:13:41,565 - INFO [main] Starting js_analyser.py
2024-12-15 18:13:41,569 - INFO [main] Detected Vulnerabilities:
2024-12-15 18:13:41,569 - INFO [main] Saving results to: ./output/7-conds-implicit.output.json
2024-12-15 18:13:42,040 - INFO [main] Starting js_analyser.py
2024-12-15 18:13:42,042 - INFO [main] Detected Vulnerabilities:
2024-12-15 18:13:42,042 - INFO [main] Saving results to: ./output/8-loops-implicit.output.json
2024-12-15 18:13:42,511 - INFO [main] Starting js_analyser.py
2024-12-15 18:13:42,511 - INFO [main] Detected Vulnerabilities:
2024-12-15 18:13:42,511 - INFO [main] Saving results to: ./output/9-regions-guards.output.json
2024-12-15 18:16:12,098 - INFO [main] Starting js_analyser.py
2024-12-15 18:16:12,103 - INFO [main] Detected Vulnerabilities:
2024-12-15 18:16:12,103 - INFO [main] Saving results to: ./output/1a-basic-flow.output.json
2024-12-15 18:16:12,576 - INFO [main] Starting js_analyser.py
2024-12-15 18:16:12,576 - INFO [main] Detected Vulnerabilities:
2024-12-15 18:16:12,576 - INFO [main] Saving results to: ./output/1b-basic-flow.output.json
2024-12-15 18:16:13,007 - INFO [main] Starting js_analyser.py
2024-12-15 18:16:13,023 - INFO [main] Detected Vulnerabilities:
2024-12-15 18:16:13,023 - INFO [main] Saving results to: ./output/2-expr-binary-ops.output.json
2024-12-15 18:16:13,468 - INFO [main] Starting js_analyser.py
2024-12-15 18:16:13,468 - INFO [main] Detected Vulnerabilities:
2024-12-15 18:16:13,468 - INFO [main] Saving results to: ./output/3a-expr-func-calls.output.json
2024-12-15 18:16:13,928 - INFO [main] Starting js_analyser.py
2024-12-15 18:16:13,928 - INFO [main] Detected Vulnerabilities:
2024-12-15 18:16:13,928 - INFO [main] Saving results to: ./output/3b-expr-func-calls.output.json
2024-12-15 18:16:14,380 - INFO [main] Starting js_analyser.py
2024-12-15 18:16:14,380 - INFO [main] Detected Vulnerabilities:
2024-12-15 18:16:14,380 - INFO [main] Saving results to: ./output/3c-expr-attributes.output.json
2024-12-15 18:16:14,831 - INFO [main] Starting js_analyser.py
2024-12-15 18:16:14,831 - INFO [main] Detected Vulnerabilities:
2024-12-15 18:16:14,834 - INFO [main] Saving results to: ./output/4a-conds-branching.output.json
2024-12-15 18:16:15,280 - INFO [main] Starting js_analyser.py
2024-12-15 18:16:15,280 - INFO [main] Detected Vulnerabilities:
2024-12-15 18:16:15,280 - INFO [main] Saving results to: ./output/4b-conds-branching.output.json
2024-12-15 18:16:15,722 - INFO [main] Starting js_analyser.py
2024-12-15 18:16:15,725 - INFO [main] Detected Vulnerabilities:
2024-12-15 18:16:15,725 - INFO [main] Saving results to: ./output/5a-loops-unfolding.output.json
2024-12-15 18:16:16,157 - INFO [main] Starting js_analyser.py
2024-12-15 18:16:16,172 - INFO [main] Detected Vulnerabilities:
2024-12-15 18:16:16,172 - INFO [main] Saving results to: ./output/5b-loops-unfolding.output.json
2024-12-15 18:16:16,614 - INFO [main] Starting js_analyser.py
2024-12-15 18:16:16,614 - INFO [main] Detected Vulnerabilities:
2024-12-15 18:16:16,614 - INFO [main] Saving results to: ./output/5c-loops-unfolding.output.json
2024-12-15 18:16:17,062 - INFO [main] Starting js_analyser.py
2024-12-15 18:16:17,062 - INFO [main] Detected Vulnerabilities:
2024-12-15 18:16:17,062 - INFO [main] Saving results to: ./output/6a-sanitization.output.json
2024-12-15 18:16:17,506 - INFO [main] Starting js_analyser.py
2024-12-15 18:16:17,506 - INFO [main] Detected Vulnerabilities:
2024-12-15 18:16:17,506 - INFO [main] Saving results to: ./output/6b-sanitization.output.json
2024-12-15 18:16:17,963 - INFO [main] Starting js_analyser.py
2024-12-15 18:16:17,963 - INFO [main] Detected Vulnerabilities:
2024-12-15 18:16:17,963 - INFO [main] Saving results to: ./output/7-conds-implicit.output.json
2024-12-15 18:16:18,423 - INFO [main] Starting js_analyser.py
2024-12-15 18:16:18,423 - INFO [main] Detected Vulnerabilities:
2024-12-15 18:16:18,423 - INFO [main] Saving results to: ./output/8-loops-implicit.output.json
2024-12-15 18:16:18,875 - INFO [main] Starting js_analyser.py
2024-12-15 18:16:18,876 - INFO [main] Detected Vulnerabilities:
2024-12-15 18:16:18,876 - INFO [main] Saving results to: ./output/9-regions-guards.output.json
